<?xml version="1.0" encoding="UTF-8"?>
<!-- Generated by org.testng.reporters.JUnitReportReporter -->
<testsuite hostname="DESKTOP-4KADTEQ" failures="0" tests="2" name="TestLayer.BuyerPortal_BusinessOnboardingPageTest" time="63.307" errors="0" timestamp="2022-10-10T17:35:31 IST" skipped="0">
  <testcase classname="TestLayer.BuyerPortal_BusinessOnboardingPageTest" name="signInPageTest" time="13.025"/>
  <system-out/>
  <testcase classname="TestLayer.BuyerPortal_BusinessOnboardingPageTest" name="basicBusinessDetails" time="50.282"/>
  <system-out/>
</testsuite> <!-- TestLayer.BuyerPortal_BusinessOnboardingPageTest -->
