<?xml version="1.0" encoding="UTF-8"?>
<!-- Generated by org.testng.reporters.JUnitReportReporter -->
<testsuite hostname="DESKTOP-4KADTEQ" failures="0" tests="6" name="TestLayer.BuyerPortal_search" time="51.938" errors="0" timestamp="2022-10-07T11:52:50 IST" skipped="1">
  <testcase classname="TestLayer.BuyerPortal_search" name="signInPageTest" time="10.963"/>
  <system-out/>
  <testcase classname="TestLayer.BuyerPortal_search" name="loginsearchPageTest" time="13.402"/>
  <system-out/>
  <testcase classname="TestLayer.BuyerPortal_search" name="contactSupplier" time="8.183"/>
  <system-out/>
  <testcase classname="TestLayer.BuyerPortal_search" name="contactSupplier1" time="8.444"/>
  <system-out/>
  <testcase classname="TestLayer.BuyerPortal_search" name="requestQuote" time="10.946"/>
  <system-out/>
  <testcase classname="TestLayer.BuyerPortal_search" name="profileUpdate">
    <skipped/>
  </testcase> <!-- profileUpdate -->
  <system-out/>
</testsuite> <!-- TestLayer.BuyerPortal_search -->
