<?xml version="1.0" encoding="UTF-8"?>
<!-- Generated by org.testng.reporters.JUnitReportReporter -->
<testsuite hostname="DESKTOP-4KADTEQ" failures="0" tests="6" name="TestLayer.BuyerPortal_FavouritePageTest" time="69.139" errors="0" timestamp="2022-10-03T17:52:10 IST" skipped="0">
  <testcase classname="TestLayer.BuyerPortal_FavouritePageTest" name="signInPageTest" time="11.009"/>
  <system-out/>
  <testcase classname="TestLayer.BuyerPortal_FavouritePageTest" name="loginsearchPageTest" time="9.382"/>
  <system-out/>
  <testcase classname="TestLayer.BuyerPortal_FavouritePageTest" name="favPage1" time="24.228"/>
  <system-out/>
  <testcase classname="TestLayer.BuyerPortal_FavouritePageTest" name="contactSupplier" time="6.736"/>
  <system-out/>
  <testcase classname="TestLayer.BuyerPortal_FavouritePageTest" name="contactSupplier1" time="7.509"/>
  <system-out/>
  <testcase classname="TestLayer.BuyerPortal_FavouritePageTest" name="requestQuote" time="10.275"/>
  <system-out/>
</testsuite> <!-- TestLayer.BuyerPortal_FavouritePageTest -->
