<?xml version="1.0" encoding="UTF-8"?>
<!-- Generated by org.testng.reporters.JUnitReportReporter -->
<testsuite hostname="DESKTOP-4KADTEQ" failures="0" tests="5" name="TestLayer.BuyerPortalSignUpTest" time="134.347" errors="0" timestamp="2022-10-07T11:43:04 IST" skipped="1">
  <testcase classname="TestLayer.BuyerPortalSignUpTest" name="signUpPageTest1" time="34.330"/>
  <system-out/>
  <testcase classname="TestLayer.BuyerPortalSignUpTest" name="signupPageTest3" time="14.046"/>
  <system-out/>
  <testcase classname="TestLayer.BuyerPortalSignUpTest" name="signUpPageTest4" time="10.256"/>
  <system-out/>
  <testcase classname="TestLayer.BuyerPortalSignUpTest" name="signUpPageTest5" time="75.715"/>
  <system-out/>
  <testcase classname="TestLayer.BuyerPortalSignUpTest" name="signUpPageTest2">
    <skipped/>
  </testcase> <!-- signUpPageTest2 -->
  <system-out/>
</testsuite> <!-- TestLayer.BuyerPortalSignUpTest -->
