<?xml version="1.0" encoding="UTF-8"?>
<!-- Generated by org.testng.reporters.JUnitReportReporter -->
<testsuite hostname="DESKTOP-4KADTEQ" failures="0" tests="5" name="TestLayer.BuyerPortalSignUpTest" time="132.745" errors="0" timestamp="2022-10-04T18:14:01 IST" skipped="1">
  <testcase classname="TestLayer.BuyerPortalSignUpTest" name="signUpPageTest1" time="30.934"/>
  <system-out/>
  <testcase classname="TestLayer.BuyerPortalSignUpTest" name="signupPageTest3" time="16.861"/>
  <system-out/>
  <testcase classname="TestLayer.BuyerPortalSignUpTest" name="signUpPageTest4" time="10.661"/>
  <system-out/>
  <testcase classname="TestLayer.BuyerPortalSignUpTest" name="signUpPageTest5" time="74.289"/>
  <system-out/>
  <testcase classname="TestLayer.BuyerPortalSignUpTest" name="signUpPageTest2">
    <skipped/>
  </testcase> <!-- signUpPageTest2 -->
  <system-out/>
</testsuite> <!-- TestLayer.BuyerPortalSignUpTest -->
